# JRE version: OpenJDK Runtime Environment (8.0_152-b01) (build 1.8.0_152-release-915-b01)
# Java VM: OpenJDK 64-Bit Server VM (25.152-b01 mixed mode windows-amd64 compressed oops)
Heap:
 PSYoungGen      total 184832K, used 49201K [0x00000000e0000000, 0x00000000ed980000, 0x0000000100000000)
  eden space 173568K, 21% used [0x00000000e0000000,0x00000000e250ebc8,0x00000000ea980000)
  from space 11264K, 99% used [0x00000000ea980000,0x00000000eb47d890,0x00000000eb480000)
  to   space 10752K, 0% used [0x00000000eb480000,0x00000000eb480000,0x00000000ebf00000)
 ParOldGen       total 80384K, used 21074K [0x00000000a0000000, 0x00000000a4e80000, 0x00000000e0000000)
  object space 80384K, 26% used [0x00000000a0000000,0x00000000a1494900,0x00000000a4e80000)
 Metaspace       used 50636K, capacity 52238K, committed 52312K, reserved 1093632K
  class space    used 6849K, capacity 7290K, committed 7296K, reserved 1048576K
GC Heap History (10 events):
Event: 4.378 GC heap before
{Heap before GC invocations=7 (full 1):
 PSYoungGen      total 66560K, used 61440K [0x00000000e0000000, 0x00000000e8b00000, 0x0000000100000000)
  eden space 61440K, 100% used [0x00000000e0000000,0x00000000e3c00000,0x00000000e3c00000)
  from space 5120K, 0% used [0x00000000e3c00000,0x00000000e3c00000,0x00000000e4100000)
  to   space 9728K, 0% used [0x00000000e8180000,0x00000000e8180000,0x00000000e8b00000)
 ParOldGen       total 51200K, used 6699K [0x00000000a0000000, 0x00000000a3200000, 0x00000000e0000000)
  object space 51200K, 13% used [0x00000000a0000000,0x00000000a068af48,0x00000000a3200000)
 Metaspace       used 25102K, capacity 25634K, committed 25984K, reserved 1071104K
  class space    used 3472K, capacity 3634K, committed 3712K, reserved 1048576K
Event: 4.405 GC heap after
Heap after GC invocations=7 (full 1):
 PSYoungGen      total 112128K, used 7096K [0x00000000e0000000, 0x00000000e8880000, 0x0000000100000000)
  eden space 104960K, 0% used [0x00000000e0000000,0x00000000e0000000,0x00000000e6680000)
  from space 7168K, 98% used [0x00000000e8180000,0x00000000e886e0d0,0x00000000e8880000)
  to   space 9728K, 0% used [0x00000000e7580000,0x00000000e7580000,0x00000000e7f00000)
 ParOldGen       total 51200K, used 6699K [0x00000000a0000000, 0x00000000a3200000, 0x00000000e0000000)
  object space 51200K, 13% used [0x00000000a0000000,0x00000000a068af48,0x00000000a3200000)
 Metaspace       used 25102K, capacity 25634K, committed 25984K, reserved 1071104K
  class space    used 3472K, capacity 3634K, committed 3712K, reserved 1048576K
}
Event: 6.318 GC heap before
{Heap before GC invocations=8 (full 1):
 PSYoungGen      total 112128K, used 112056K [0x00000000e0000000, 0x00000000e8880000, 0x0000000100000000)
  eden space 104960K, 100% used [0x00000000e0000000,0x00000000e6680000,0x00000000e6680000)
  from space 7168K, 98% used [0x00000000e8180000,0x00000000e886e0d0,0x00000000e8880000)
  to   space 9728K, 0% used [0x00000000e7580000,0x00000000e7580000,0x00000000e7f00000)
 ParOldGen       total 51200K, used 6699K [0x00000000a0000000, 0x00000000a3200000, 0x00000000e0000000)
  object space 51200K, 13% used [0x00000000a0000000,0x00000000a068af48,0x00000000a3200000)
 Metaspace       used 31131K, capacity 31722K, committed 31872K, reserved 1077248K
  class space    used 4233K, capacity 4424K, committed 4480K, reserved 1048576K
Event: 6.331 GC heap after
Heap after GC invocations=8 (full 1):
 PSYoungGen      total 130048K, used 9469K [0x00000000e0000000, 0x00000000ebf00000, 0x0000000100000000)
  eden space 120320K, 0% used [0x00000000e0000000,0x00000000e0000000,0x00000000e7580000)
  from space 9728K, 97% used [0x00000000e7580000,0x00000000e7ebf5a0,0x00000000e7f00000)
  to   space 10752K, 0% used [0x00000000eb480000,0x00000000eb480000,0x00000000ebf00000)
 ParOldGen       total 51200K, used 6771K [0x00000000a0000000, 0x00000000a3200000, 0x00000000e0000000)
  object space 51200K, 13% used [0x00000000a0000000,0x00000000a069cf58,0x00000000a3200000)
 Metaspace       used 31131K, capacity 31722K, committed 31872K, reserved 1077248K
  class space    used 4233K, capacity 4424K, committed 4480K, reserved 1048576K
}
Event: 6.745 GC heap before
{Heap before GC invocations=9 (full 1):
 PSYoungGen      total 130048K, used 32894K [0x00000000e0000000, 0x00000000ebf00000, 0x0000000100000000)
  eden space 120320K, 19% used [0x00000000e0000000,0x00000000e16e05a0,0x00000000e7580000)
  from space 9728K, 97% used [0x00000000e7580000,0x00000000e7ebf5a0,0x00000000e7f00000)
  to   space 10752K, 0% used [0x00000000eb480000,0x00000000eb480000,0x00000000ebf00000)
 ParOldGen       total 51200K, used 6771K [0x00000000a0000000, 0x00000000a3200000, 0x00000000e0000000)
  object space 51200K, 13% used [0x00000000a0000000,0x00000000a069cf58,0x00000000a3200000)
 Metaspace       used 34475K, capacity 35190K, committed 35416K, reserved 1079296K
  class space    used 4673K, capacity 4929K, committed 4992K, reserved 1048576K
Event: 6.757 GC heap after
Heap after GC invocations=9 (full 1):
 PSYoungGen      total 184320K, used 9023K [0x00000000e0000000, 0x00000000ed980000, 0x0000000100000000)
  eden space 173568K, 0% used [0x00000000e0000000,0x00000000e0000000,0x00000000ea980000)
  from space 10752K, 83% used [0x00000000eb480000,0x00000000ebd4ffe8,0x00000000ebf00000)
  to   space 11264K, 0% used [0x00000000ea980000,0x00000000ea980000,0x00000000eb480000)
 ParOldGen       total 51200K, used 6779K [0x00000000a0000000, 0x00000000a3200000, 0x00000000e0000000)
  object space 51200K, 13% used [0x00000000a0000000,0x00000000a069ef58,0x00000000a3200000)
 Metaspace       used 34475K, capacity 35190K, committed 35416K, reserved 1079296K
  class space    used 4673K, capacity 4929K, committed 4992K, reserved 1048576K
}
Event: 6.757 GC heap before
{Heap before GC invocations=10 (full 2):
 PSYoungGen      total 184320K, used 9023K [0x00000000e0000000, 0x00000000ed980000, 0x0000000100000000)
  eden space 173568K, 0% used [0x00000000e0000000,0x00000000e0000000,0x00000000ea980000)
  from space 10752K, 83% used [0x00000000eb480000,0x00000000ebd4ffe8,0x00000000ebf00000)
  to   space 11264K, 0% used [0x00000000ea980000,0x00000000ea980000,0x00000000eb480000)
 ParOldGen       total 51200K, used 6779K [0x00000000a0000000, 0x00000000a3200000, 0x00000000e0000000)
  object space 51200K, 13% used [0x00000000a0000000,0x00000000a069ef58,0x00000000a3200000)
 Metaspace       used 34475K, capacity 35190K, committed 35416K, reserved 1079296K
  class space    used 4673K, capacity 4929K, committed 4992K, reserved 1048576K
Event: 6.879 GC heap after
Heap after GC invocations=10 (full 2):
 PSYoungGen      total 184320K, used 0K [0x00000000e0000000, 0x00000000ed980000, 0x0000000100000000)
  eden space 173568K, 0% used [0x00000000e0000000,0x00000000e0000000,0x00000000ea980000)
  from space 10752K, 0% used [0x00000000eb480000,0x00000000eb480000,0x00000000ebf00000)
  to   space 11264K, 0% used [0x00000000ea980000,0x00000000ea980000,0x00000000eb480000)
 ParOldGen       total 80384K, used 15010K [0x00000000a0000000, 0x00000000a4e80000, 0x00000000e0000000)
  object space 80384K, 18% used [0x00000000a0000000,0x00000000a0ea8ad8,0x00000000a4e80000)
 Metaspace       used 34475K, capacity 35190K, committed 35416K, reserved 1079296K
  class space    used 4673K, capacity 4929K, committed 4992K, reserved 1048576K
}
Event: 13.454 GC heap before
{Heap before GC invocations=11 (full 2):
 PSYoungGen      total 184320K, used 173568K [0x00000000e0000000, 0x00000000ed980000, 0x0000000100000000)
  eden space 173568K, 100% used [0x00000000e0000000,0x00000000ea980000,0x00000000ea980000)
  from space 10752K, 0% used [0x00000000eb480000,0x00000000eb480000,0x00000000ebf00000)
  to   space 11264K, 0% used [0x00000000ea980000,0x00000000ea980000,0x00000000eb480000)
 ParOldGen       total 80384K, used 15010K [0x00000000a0000000, 0x00000000a4e80000, 0x00000000e0000000)
  object space 80384K, 18% used [0x00000000a0000000,0x00000000a0ea8ad8,0x00000000a4e80000)
 Metaspace       used 47963K, capacity 49108K, committed 49240K, reserved 1091584K
  class space    used 6420K, capacity 6761K, committed 6784K, reserved 1048576K
Event: 13.474 GC heap after
Heap after GC invocations=11 (full 2):
 PSYoungGen      total 184832K, used 11254K [0x00000000e0000000, 0x00000000ed980000, 0x0000000100000000)
  eden space 173568K, 0% used [0x00000000e0000000,0x00000000e0000000,0x00000000ea980000)
  from space 11264K, 99% used [0x00000000ea980000,0x00000000eb47d890,0x00000000eb480000)
  to   space 10752K, 0% used [0x00000000eb480000,0x00000000eb480000,0x00000000ebf00000)
 ParOldGen       total 80384K, used 21074K [0x00000000a0000000, 0x00000000a4e80000, 0x00000000e0000000)
  object space 80384K, 26% used [0x00000000a0000000,0x00000000a1494900,0x00000000a4e80000)
 Metaspace       used 47963K, capacity 49108K, committed 49240K, reserved 1091584K
  class space    used 6420K, capacity 6761K, committed 6784K, reserved 1048576K
}

