# JRE version: OpenJDK Runtime Environment (8.0_152-b01) (build 1.8.0_152-release-915-b01)
# Java VM: OpenJDK 64-Bit Server VM (25.152-b01 mixed mode windows-amd64 compressed oops)
Heap:
 PSYoungGen      total 36352K, used 8450K [0x00000000e0000000, 0x00000000e3580000, 0x0000000100000000)
  eden space 26624K, 1% used [0x00000000e0000000,0x00000000e0082f18,0x00000000e1a00000)
  from space 9728K, 81% used [0x00000000e2c00000,0x00000000e33bd8e8,0x00000000e3580000)
  to   space 10240K, 0% used [0x00000000e1a00000,0x00000000e1a00000,0x00000000e2400000)
 ParOldGen       total 47104K, used 14282K [0x00000000a0000000, 0x00000000a2e00000, 0x00000000e0000000)
  object space 47104K, 30% used [0x00000000a0000000,0x00000000a0df2a40,0x00000000a2e00000)
 Metaspace       used 41229K, capacity 42134K, committed 42456K, reserved 1085440K
  class space    used 5504K, capacity 5822K, committed 5888K, reserved 1048576K
GC Heap History (10 events):
Event: 39.309 GC heap before
{Heap before GC invocations=13 (full 1):
 PSYoungGen      total 36352K, used 18065K [0x00000000e0000000, 0x00000000e2d00000, 0x0000000100000000)
  eden space 27648K, 36% used [0x00000000e0000000,0x00000000e09c2b18,0x00000000e1b00000)
  from space 8704K, 92% used [0x00000000e1b80000,0x00000000e2361c20,0x00000000e2400000)
  to   space 9216K, 0% used [0x00000000e2400000,0x00000000e2400000,0x00000000e2d00000)
 ParOldGen       total 40960K, used 6727K [0x00000000a0000000, 0x00000000a2800000, 0x00000000e0000000)
  object space 40960K, 16% used [0x00000000a0000000,0x00000000a0691f08,0x00000000a2800000)
 Metaspace       used 34474K, capacity 35216K, committed 35416K, reserved 1079296K
  class space    used 4682K, capacity 4960K, committed 4992K, reserved 1048576K
Event: 39.318 GC heap after
Heap after GC invocations=13 (full 1):
 PSYoungGen      total 36352K, used 8271K [0x00000000e0000000, 0x00000000e2d80000, 0x0000000100000000)
  eden space 27136K, 0% used [0x00000000e0000000,0x00000000e0000000,0x00000000e1a80000)
  from space 9216K, 89% used [0x00000000e2400000,0x00000000e2c13d18,0x00000000e2d00000)
  to   space 9728K, 0% used [0x00000000e1a80000,0x00000000e1a80000,0x00000000e2400000)
 ParOldGen       total 40960K, used 6735K [0x00000000a0000000, 0x00000000a2800000, 0x00000000e0000000)
  object space 40960K, 16% used [0x00000000a0000000,0x00000000a0693f08,0x00000000a2800000)
 Metaspace       used 34474K, capacity 35216K, committed 35416K, reserved 1079296K
  class space    used 4682K, capacity 4960K, committed 4992K, reserved 1048576K
}
Event: 39.318 GC heap before
{Heap before GC invocations=14 (full 2):
 PSYoungGen      total 36352K, used 8271K [0x00000000e0000000, 0x00000000e2d80000, 0x0000000100000000)
  eden space 27136K, 0% used [0x00000000e0000000,0x00000000e0000000,0x00000000e1a80000)
  from space 9216K, 89% used [0x00000000e2400000,0x00000000e2c13d18,0x00000000e2d00000)
  to   space 9728K, 0% used [0x00000000e1a80000,0x00000000e1a80000,0x00000000e2400000)
 ParOldGen       total 40960K, used 6735K [0x00000000a0000000, 0x00000000a2800000, 0x00000000e0000000)
  object space 40960K, 16% used [0x00000000a0000000,0x00000000a0693f08,0x00000000a2800000)
 Metaspace       used 34474K, capacity 35216K, committed 35416K, reserved 1079296K
  class space    used 4682K, capacity 4960K, committed 4992K, reserved 1048576K
Event: 39.409 GC heap after
Heap after GC invocations=14 (full 2):
 PSYoungGen      total 36352K, used 0K [0x00000000e0000000, 0x00000000e2d80000, 0x0000000100000000)
  eden space 27136K, 0% used [0x00000000e0000000,0x00000000e0000000,0x00000000e1a80000)
  from space 9216K, 0% used [0x00000000e2400000,0x00000000e2400000,0x00000000e2d00000)
  to   space 9728K, 0% used [0x00000000e1a80000,0x00000000e1a80000,0x00000000e2400000)
 ParOldGen       total 47104K, used 14258K [0x00000000a0000000, 0x00000000a2e00000, 0x00000000e0000000)
  object space 47104K, 30% used [0x00000000a0000000,0x00000000a0deca40,0x00000000a2e00000)
 Metaspace       used 34474K, capacity 35216K, committed 35416K, reserved 1079296K
  class space    used 4682K, capacity 4960K, committed 4992K, reserved 1048576K
}
Event: 42.141 GC heap before
{Heap before GC invocations=15 (full 2):
 PSYoungGen      total 36352K, used 27136K [0x00000000e0000000, 0x00000000e2d80000, 0x0000000100000000)
  eden space 27136K, 100% used [0x00000000e0000000,0x00000000e1a80000,0x00000000e1a80000)
  from space 9216K, 0% used [0x00000000e2400000,0x00000000e2400000,0x00000000e2d00000)
  to   space 9728K, 0% used [0x00000000e1a80000,0x00000000e1a80000,0x00000000e2400000)
 ParOldGen       total 47104K, used 14258K [0x00000000a0000000, 0x00000000a2e00000, 0x00000000e0000000)
  object space 47104K, 30% used [0x00000000a0000000,0x00000000a0deca40,0x00000000a2e00000)
 Metaspace       used 37385K, capacity 38106K, committed 38360K, reserved 1083392K
  class space    used 5040K, capacity 5327K, committed 5376K, reserved 1048576K
Event: 42.144 GC heap after
Heap after GC invocations=15 (full 2):
 PSYoungGen      total 36352K, used 3058K [0x00000000e0000000, 0x00000000e2e00000, 0x0000000100000000)
  eden space 26624K, 0% used [0x00000000e0000000,0x00000000e0000000,0x00000000e1a00000)
  from space 9728K, 31% used [0x00000000e1a80000,0x00000000e1d7ca60,0x00000000e2400000)
  to   space 10240K, 0% used [0x00000000e2400000,0x00000000e2400000,0x00000000e2e00000)
 ParOldGen       total 47104K, used 14266K [0x00000000a0000000, 0x00000000a2e00000, 0x00000000e0000000)
  object space 47104K, 30% used [0x00000000a0000000,0x00000000a0deea40,0x00000000a2e00000)
 Metaspace       used 37385K, capacity 38106K, committed 38360K, reserved 1083392K
  class space    used 5040K, capacity 5327K, committed 5376K, reserved 1048576K
}
Event: 42.363 GC heap before
{Heap before GC invocations=16 (full 2):
 PSYoungGen      total 36352K, used 29682K [0x00000000e0000000, 0x00000000e2e00000, 0x0000000100000000)
  eden space 26624K, 100% used [0x00000000e0000000,0x00000000e1a00000,0x00000000e1a00000)
  from space 9728K, 31% used [0x00000000e1a80000,0x00000000e1d7ca60,0x00000000e2400000)
  to   space 10240K, 0% used [0x00000000e2400000,0x00000000e2400000,0x00000000e2e00000)
 ParOldGen       total 47104K, used 14266K [0x00000000a0000000, 0x00000000a2e00000, 0x00000000e0000000)
  object space 47104K, 30% used [0x00000000a0000000,0x00000000a0deea40,0x00000000a2e00000)
 Metaspace       used 37649K, capacity 38426K, committed 38872K, reserved 1083392K
  class space    used 5052K, capacity 5327K, committed 5376K, reserved 1048576K
Event: 42.367 GC heap after
Heap after GC invocations=16 (full 2):
 PSYoungGen      total 36864K, used 2009K [0x00000000e0000000, 0x00000000e3700000, 0x0000000100000000)
  eden space 26624K, 0% used [0x00000000e0000000,0x00000000e0000000,0x00000000e1a00000)
  from space 10240K, 19% used [0x00000000e2400000,0x00000000e25f64c0,0x00000000e2e00000)
  to   space 10240K, 0% used [0x00000000e1a00000,0x00000000e1a00000,0x00000000e2400000)
 ParOldGen       total 47104K, used 14266K [0x00000000a0000000, 0x00000000a2e00000, 0x00000000e0000000)
  object space 47104K, 30% used [0x00000000a0000000,0x00000000a0deea40,0x00000000a2e00000)
 Metaspace       used 37649K, capacity 38426K, committed 38872K, reserved 1083392K
  class space    used 5052K, capacity 5327K, committed 5376K, reserved 1048576K
}
Event: 46.532 GC heap before
{Heap before GC invocations=17 (full 2):
 PSYoungGen      total 36864K, used 28633K [0x00000000e0000000, 0x00000000e3700000, 0x0000000100000000)
  eden space 26624K, 100% used [0x00000000e0000000,0x00000000e1a00000,0x00000000e1a00000)
  from space 10240K, 19% used [0x00000000e2400000,0x00000000e25f64c0,0x00000000e2e00000)
  to   space 10240K, 0% used [0x00000000e1a00000,0x00000000e1a00000,0x00000000e2400000)
 ParOldGen       total 47104K, used 14266K [0x00000000a0000000, 0x00000000a2e00000, 0x00000000e0000000)
  object space 47104K, 30% used [0x00000000a0000000,0x00000000a0deea40,0x00000000a2e00000)
 Metaspace       used 40574K, capacity 41350K, committed 41816K, reserved 1085440K
  class space    used 5388K, capacity 5669K, committed 5760K, reserved 1048576K
Event: 46.536 GC heap after
Heap after GC invocations=17 (full 2):
 PSYoungGen      total 36864K, used 5610K [0x00000000e0000000, 0x00000000e3580000, 0x0000000100000000)
  eden space 26624K, 0% used [0x00000000e0000000,0x00000000e0000000,0x00000000e1a00000)
  from space 10240K, 54% used [0x00000000e1a00000,0x00000000e1f7a800,0x00000000e2400000)
  to   space 9728K, 0% used [0x00000000e2c00000,0x00000000e2c00000,0x00000000e3580000)
 ParOldGen       total 47104K, used 14274K [0x00000000a0000000, 0x00000000a2e00000, 0x00000000e0000000)
  object space 47104K, 30% used [0x00000000a0000000,0x00000000a0df0a40,0x00000000a2e00000)
 Metaspace       used 40574K, capacity 41350K, committed 41816K, reserved 1085440K
  class space    used 5388K, capacity 5669K, committed 5760K, reserved 1048576K
}

